# JRE version: OpenJDK Runtime Environment Temurin-21.0.9+10 (21.0.9+10) (build 21.0.9+10-LTS)
# Java VM: OpenJDK 64-Bit Server VM Temurin-21.0.9+10 (21.0.9+10-LTS, mixed mode, sharing, tiered, compressed oops, compressed class ptrs, parallel gc, windows-amd64)
GC Precious Log:
 CardTable entry size: 512
 CPUs: 12 total, 12 available
 Memory: 15706M
 Large Page Support: Disabled
 NUMA Support: Disabled
 Compressed Oops: Enabled (32-bit)
 Alignments: Space 512K, Generation 512K, Heap 2M
 Heap Min Capacity: 100M
 Heap Initial Capacity: 100M
 Heap Max Capacity: 2G
 Pre-touch: Disabled
 Parallel Workers: 10
Heap:
 PSYoungGen      total 3584K, used 1643K [0x00000000d5580000, 0x00000000d5a00000, 0x0000000100000000)
  eden space 2560K, 40% used [0x00000000d5580000,0x00000000d5684208,0x00000000d5800000)
  from space 1024K, 58% used [0x00000000d5800000,0x00000000d5896c08,0x00000000d5900000)
  to   space 1024K, 0% used [0x00000000d5900000,0x00000000d5900000,0x00000000d5a00000)
 ParOldGen       total 310272K, used 137908K [0x0000000080000000, 0x0000000092f00000, 0x00000000d5580000)
  object space 310272K, 44% used [0x0000000080000000,0x00000000886ad2c0,0x0000000092f00000)
 Metaspace       used 76223K, committed 77824K, reserved 1179648K
  class space    used 7788K, committed 8512K, reserved 1048576K
GC Heap History (20 events):
Event: 220.302 GC heap before
{Heap before GC invocations=1408 (full 4):
 PSYoungGen      total 3584K, used 2869K [0x00000000d5580000, 0x00000000d5a00000, 0x0000000100000000)
  eden space 2560K, 99% used [0x00000000d5580000,0x00000000d57fd400,0x00000000d5800000)
  from space 1024K, 31% used [0x00000000d5800000,0x00000000d5850000,0x00000000d5900000)
  to   space 512K, 0% used [0x00000000d5980000,0x00000000d5980000,0x00000000d5a00000)
 ParOldGen       total 310272K, used 135182K [0x0000000080000000, 0x0000000092f00000, 0x00000000d5580000)
  object space 310272K, 43% used [0x0000000080000000,0x0000000088403968,0x0000000092f00000)
 Metaspace       used 76206K, committed 77824K, reserved 1179648K
  class space    used 7788K, committed 8512K, reserved 1048576K
}
Event: 220.304 GC heap after
{Heap after GC invocations=1408 (full 4):
 PSYoungGen      total 3072K, used 224K [0x00000000d5580000, 0x00000000d5a00000, 0x0000000100000000)
  eden space 2560K, 0% used [0x00000000d5580000,0x00000000d5580000,0x00000000d5800000)
  from space 512K, 43% used [0x00000000d5980000,0x00000000d59b8000,0x00000000d5a00000)
  to   space 512K, 0% used [0x00000000d5900000,0x00000000d5900000,0x00000000d5980000)
 ParOldGen       total 310272K, used 135222K [0x0000000080000000, 0x0000000092f00000, 0x00000000d5580000)
  object space 310272K, 43% used [0x0000000080000000,0x000000008840d968,0x0000000092f00000)
 Metaspace       used 76206K, committed 77824K, reserved 1179648K
  class space    used 7788K, committed 8512K, reserved 1048576K
}
Event: 220.412 GC heap before
{Heap before GC invocations=1409 (full 4):
 PSYoungGen      total 3072K, used 2784K [0x00000000d5580000, 0x00000000d5a00000, 0x0000000100000000)
  eden space 2560K, 100% used [0x00000000d5580000,0x00000000d5800000,0x00000000d5800000)
  from space 512K, 43% used [0x00000000d5980000,0x00000000d59b8000,0x00000000d5a00000)
  to   space 512K, 0% used [0x00000000d5900000,0x00000000d5900000,0x00000000d5980000)
 ParOldGen       total 310272K, used 135222K [0x0000000080000000, 0x0000000092f00000, 0x00000000d5580000)
  object space 310272K, 43% used [0x0000000080000000,0x000000008840d968,0x0000000092f00000)
 Metaspace       used 76206K, committed 77824K, reserved 1179648K
  class space    used 7788K, committed 8512K, reserved 1048576K
}
Event: 220.413 GC heap after
{Heap after GC invocations=1409 (full 4):
 PSYoungGen      total 3072K, used 506K [0x00000000d5580000, 0x00000000d5a00000, 0x0000000100000000)
  eden space 2560K, 0% used [0x00000000d5580000,0x00000000d5580000,0x00000000d5800000)
  from space 512K, 98% used [0x00000000d5900000,0x00000000d597e900,0x00000000d5980000)
  to   space 512K, 0% used [0x00000000d5980000,0x00000000d5980000,0x00000000d5a00000)
 ParOldGen       total 310272K, used 135302K [0x0000000080000000, 0x0000000092f00000, 0x00000000d5580000)
  object space 310272K, 43% used [0x0000000080000000,0x0000000088421968,0x0000000092f00000)
 Metaspace       used 76206K, committed 77824K, reserved 1179648K
  class space    used 7788K, committed 8512K, reserved 1048576K
}
Event: 220.474 GC heap before
{Heap before GC invocations=1410 (full 4):
 PSYoungGen      total 3072K, used 3066K [0x00000000d5580000, 0x00000000d5a00000, 0x0000000100000000)
  eden space 2560K, 100% used [0x00000000d5580000,0x00000000d5800000,0x00000000d5800000)
  from space 512K, 98% used [0x00000000d5900000,0x00000000d597e900,0x00000000d5980000)
  to   space 512K, 0% used [0x00000000d5980000,0x00000000d5980000,0x00000000d5a00000)
 ParOldGen       total 310272K, used 135302K [0x0000000080000000, 0x0000000092f00000, 0x00000000d5580000)
  object space 310272K, 43% used [0x0000000080000000,0x0000000088421968,0x0000000092f00000)
 Metaspace       used 76212K, committed 77824K, reserved 1179648K
  class space    used 7788K, committed 8512K, reserved 1048576K
}
Event: 220.476 GC heap after
{Heap after GC invocations=1410 (full 4):
 PSYoungGen      total 3072K, used 352K [0x00000000d5580000, 0x00000000d5a00000, 0x0000000100000000)
  eden space 2560K, 0% used [0x00000000d5580000,0x00000000d5580000,0x00000000d5800000)
  from space 512K, 68% used [0x00000000d5980000,0x00000000d59d8000,0x00000000d5a00000)
  to   space 512K, 0% used [0x00000000d5900000,0x00000000d5900000,0x00000000d5980000)
 ParOldGen       total 310272K, used 135710K [0x0000000080000000, 0x0000000092f00000, 0x00000000d5580000)
  object space 310272K, 43% used [0x0000000080000000,0x0000000088487840,0x0000000092f00000)
 Metaspace       used 76212K, committed 77824K, reserved 1179648K
  class space    used 7788K, committed 8512K, reserved 1048576K
}
Event: 220.495 GC heap before
{Heap before GC invocations=1411 (full 4):
 PSYoungGen      total 3072K, used 2912K [0x00000000d5580000, 0x00000000d5a00000, 0x0000000100000000)
  eden space 2560K, 100% used [0x00000000d5580000,0x00000000d5800000,0x00000000d5800000)
  from space 512K, 68% used [0x00000000d5980000,0x00000000d59d8000,0x00000000d5a00000)
  to   space 512K, 0% used [0x00000000d5900000,0x00000000d5900000,0x00000000d5980000)
 ParOldGen       total 310272K, used 135710K [0x0000000080000000, 0x0000000092f00000, 0x00000000d5580000)
  object space 310272K, 43% used [0x0000000080000000,0x0000000088487840,0x0000000092f00000)
 Metaspace       used 76214K, committed 77824K, reserved 1179648K
  class space    used 7788K, committed 8512K, reserved 1048576K
}
Event: 220.497 GC heap after
{Heap after GC invocations=1411 (full 4):
 PSYoungGen      total 3072K, used 384K [0x00000000d5580000, 0x00000000d5a00000, 0x0000000100000000)
  eden space 2560K, 0% used [0x00000000d5580000,0x00000000d5580000,0x00000000d5800000)
  from space 512K, 75% used [0x00000000d5900000,0x00000000d5960000,0x00000000d5980000)
  to   space 512K, 0% used [0x00000000d5980000,0x00000000d5980000,0x00000000d5a00000)
 ParOldGen       total 310272K, used 135990K [0x0000000080000000, 0x0000000092f00000, 0x00000000d5580000)
  object space 310272K, 43% used [0x0000000080000000,0x00000000884cd860,0x0000000092f00000)
 Metaspace       used 76214K, committed 77824K, reserved 1179648K
  class space    used 7788K, committed 8512K, reserved 1048576K
}
Event: 220.513 GC heap before
{Heap before GC invocations=1412 (full 4):
 PSYoungGen      total 3072K, used 2944K [0x00000000d5580000, 0x00000000d5a00000, 0x0000000100000000)
  eden space 2560K, 100% used [0x00000000d5580000,0x00000000d5800000,0x00000000d5800000)
  from space 512K, 75% used [0x00000000d5900000,0x00000000d5960000,0x00000000d5980000)
  to   space 512K, 0% used [0x00000000d5980000,0x00000000d5980000,0x00000000d5a00000)
 ParOldGen       total 310272K, used 135990K [0x0000000080000000, 0x0000000092f00000, 0x00000000d5580000)
  object space 310272K, 43% used [0x0000000080000000,0x00000000884cd860,0x0000000092f00000)
 Metaspace       used 76215K, committed 77824K, reserved 1179648K
  class space    used 7788K, committed 8512K, reserved 1048576K
}
Event: 220.514 GC heap after
{Heap after GC invocations=1412 (full 4):
 PSYoungGen      total 3072K, used 320K [0x00000000d5580000, 0x00000000d5a00000, 0x0000000100000000)
  eden space 2560K, 0% used [0x00000000d5580000,0x00000000d5580000,0x00000000d5800000)
  from space 512K, 62% used [0x00000000d5980000,0x00000000d59d0000,0x00000000d5a00000)
  to   space 512K, 0% used [0x00000000d5900000,0x00000000d5900000,0x00000000d5980000)
 ParOldGen       total 310272K, used 136230K [0x0000000080000000, 0x0000000092f00000, 0x00000000d5580000)
  object space 310272K, 43% used [0x0000000080000000,0x00000000885098a0,0x0000000092f00000)
 Metaspace       used 76215K, committed 77824K, reserved 1179648K
  class space    used 7788K, committed 8512K, reserved 1048576K
}
Event: 220.553 GC heap before
{Heap before GC invocations=1413 (full 4):
 PSYoungGen      total 3072K, used 2880K [0x00000000d5580000, 0x00000000d5a00000, 0x0000000100000000)
  eden space 2560K, 100% used [0x00000000d5580000,0x00000000d5800000,0x00000000d5800000)
  from space 512K, 62% used [0x00000000d5980000,0x00000000d59d0000,0x00000000d5a00000)
  to   space 512K, 0% used [0x00000000d5900000,0x00000000d5900000,0x00000000d5980000)
 ParOldGen       total 310272K, used 136230K [0x0000000080000000, 0x0000000092f00000, 0x00000000d5580000)
  object space 310272K, 43% used [0x0000000080000000,0x00000000885098a0,0x0000000092f00000)
 Metaspace       used 76215K, committed 77824K, reserved 1179648K
  class space    used 7788K, committed 8512K, reserved 1048576K
}
Event: 220.554 GC heap after
{Heap after GC invocations=1413 (full 4):
 PSYoungGen      total 3072K, used 416K [0x00000000d5580000, 0x00000000d5a00000, 0x0000000100000000)
  eden space 2560K, 0% used [0x00000000d5580000,0x00000000d5580000,0x00000000d5800000)
  from space 512K, 81% used [0x00000000d5900000,0x00000000d5968000,0x00000000d5980000)
  to   space 512K, 0% used [0x00000000d5980000,0x00000000d5980000,0x00000000d5a00000)
 ParOldGen       total 310272K, used 136366K [0x0000000080000000, 0x0000000092f00000, 0x00000000d5580000)
  object space 310272K, 43% used [0x0000000080000000,0x000000008852b8a0,0x0000000092f00000)
 Metaspace       used 76215K, committed 77824K, reserved 1179648K
  class space    used 7788K, committed 8512K, reserved 1048576K
}
Event: 220.572 GC heap before
{Heap before GC invocations=1414 (full 4):
 PSYoungGen      total 3072K, used 2976K [0x00000000d5580000, 0x00000000d5a00000, 0x0000000100000000)
  eden space 2560K, 100% used [0x00000000d5580000,0x00000000d5800000,0x00000000d5800000)
  from space 512K, 81% used [0x00000000d5900000,0x00000000d5968000,0x00000000d5980000)
  to   space 512K, 0% used [0x00000000d5980000,0x00000000d5980000,0x00000000d5a00000)
 ParOldGen       total 310272K, used 136366K [0x0000000080000000, 0x0000000092f00000, 0x00000000d5580000)
  object space 310272K, 43% used [0x0000000080000000,0x000000008852b8a0,0x0000000092f00000)
 Metaspace       used 76219K, committed 77824K, reserved 1179648K
  class space    used 7788K, committed 8512K, reserved 1048576K
}
Event: 220.574 GC heap after
{Heap after GC invocations=1414 (full 4):
 PSYoungGen      total 3072K, used 288K [0x00000000d5580000, 0x00000000d5a00000, 0x0000000100000000)
  eden space 2560K, 0% used [0x00000000d5580000,0x00000000d5580000,0x00000000d5800000)
  from space 512K, 56% used [0x00000000d5980000,0x00000000d59c8000,0x00000000d5a00000)
  to   space 512K, 0% used [0x00000000d5900000,0x00000000d5900000,0x00000000d5980000)
 ParOldGen       total 310272K, used 136606K [0x0000000080000000, 0x0000000092f00000, 0x00000000d5580000)
  object space 310272K, 44% used [0x0000000080000000,0x00000000885678c0,0x0000000092f00000)
 Metaspace       used 76219K, committed 77824K, reserved 1179648K
  class space    used 7788K, committed 8512K, reserved 1048576K
}
Event: 220.587 GC heap before
{Heap before GC invocations=1415 (full 4):
 PSYoungGen      total 3072K, used 2848K [0x00000000d5580000, 0x00000000d5a00000, 0x0000000100000000)
  eden space 2560K, 100% used [0x00000000d5580000,0x00000000d5800000,0x00000000d5800000)
  from space 512K, 56% used [0x00000000d5980000,0x00000000d59c8000,0x00000000d5a00000)
  to   space 512K, 0% used [0x00000000d5900000,0x00000000d5900000,0x00000000d5980000)
 ParOldGen       total 310272K, used 136606K [0x0000000080000000, 0x0000000092f00000, 0x00000000d5580000)
  object space 310272K, 44% used [0x0000000080000000,0x00000000885678c0,0x0000000092f00000)
 Metaspace       used 76219K, committed 77824K, reserved 1179648K
  class space    used 7788K, committed 8512K, reserved 1048576K
}
Event: 220.590 GC heap after
{Heap after GC invocations=1415 (full 4):
 PSYoungGen      total 3072K, used 208K [0x00000000d5580000, 0x00000000d5a00000, 0x0000000100000000)
  eden space 2560K, 0% used [0x00000000d5580000,0x00000000d5580000,0x00000000d5800000)
  from space 512K, 40% used [0x00000000d5900000,0x00000000d5934010,0x00000000d5980000)
  to   space 512K, 0% used [0x00000000d5980000,0x00000000d5980000,0x00000000d5a00000)
 ParOldGen       total 310272K, used 136822K [0x0000000080000000, 0x0000000092f00000, 0x00000000d5580000)
  object space 310272K, 44% used [0x0000000080000000,0x000000008859d8e0,0x0000000092f00000)
 Metaspace       used 76219K, committed 77824K, reserved 1179648K
  class space    used 7788K, committed 8512K, reserved 1048576K
}
Event: 220.724 GC heap before
{Heap before GC invocations=1416 (full 4):
 PSYoungGen      total 3072K, used 2768K [0x00000000d5580000, 0x00000000d5a00000, 0x0000000100000000)
  eden space 2560K, 100% used [0x00000000d5580000,0x00000000d5800000,0x00000000d5800000)
  from space 512K, 40% used [0x00000000d5900000,0x00000000d5934010,0x00000000d5980000)
  to   space 512K, 0% used [0x00000000d5980000,0x00000000d5980000,0x00000000d5a00000)
 ParOldGen       total 310272K, used 136822K [0x0000000080000000, 0x0000000092f00000, 0x00000000d5580000)
  object space 310272K, 44% used [0x0000000080000000,0x000000008859d8e0,0x0000000092f00000)
 Metaspace       used 76222K, committed 77824K, reserved 1179648K
  class space    used 7788K, committed 8512K, reserved 1048576K
}
Event: 220.726 GC heap after
{Heap after GC invocations=1416 (full 4):
 PSYoungGen      total 3072K, used 320K [0x00000000d5580000, 0x00000000d5a00000, 0x0000000100000000)
  eden space 2560K, 0% used [0x00000000d5580000,0x00000000d5580000,0x00000000d5800000)
  from space 512K, 62% used [0x00000000d5980000,0x00000000d59d0020,0x00000000d5a00000)
  to   space 512K, 0% used [0x00000000d5900000,0x00000000d5900000,0x00000000d5980000)
 ParOldGen       total 310272K, used 136942K [0x0000000080000000, 0x0000000092f00000, 0x00000000d5580000)
  object space 310272K, 44% used [0x0000000080000000,0x00000000885bb8e0,0x0000000092f00000)
 Metaspace       used 76222K, committed 77824K, reserved 1179648K
  class space    used 7788K, committed 8512K, reserved 1048576K
}
Event: 221.082 GC heap before
{Heap before GC invocations=1417 (full 4):
 PSYoungGen      total 3072K, used 2880K [0x00000000d5580000, 0x00000000d5a00000, 0x0000000100000000)
  eden space 2560K, 100% used [0x00000000d5580000,0x00000000d5800000,0x00000000d5800000)
  from space 512K, 62% used [0x00000000d5980000,0x00000000d59d0020,0x00000000d5a00000)
  to   space 512K, 0% used [0x00000000d5900000,0x00000000d5900000,0x00000000d5980000)
 ParOldGen       total 310272K, used 136942K [0x0000000080000000, 0x0000000092f00000, 0x00000000d5580000)
  object space 310272K, 44% used [0x0000000080000000,0x00000000885bb8e0,0x0000000092f00000)
 Metaspace       used 76222K, committed 77824K, reserved 1179648K
  class space    used 7788K, committed 8512K, reserved 1048576K
}
Event: 221.084 GC heap after
{Heap after GC invocations=1417 (full 4):
 PSYoungGen      total 3072K, used 510K [0x00000000d5580000, 0x00000000d5a00000, 0x0000000100000000)
  eden space 2560K, 0% used [0x00000000d5580000,0x00000000d5580000,0x00000000d5800000)
  from space 512K, 99% used [0x00000000d5900000,0x00000000d597f8c8,0x00000000d5980000)
  to   space 512K, 0% used [0x00000000d5980000,0x00000000d5980000,0x00000000d5a00000)
 ParOldGen       total 310272K, used 137190K [0x0000000080000000, 0x0000000092f00000, 0x00000000d5580000)
  object space 310272K, 44% used [0x0000000080000000,0x00000000885f9900,0x0000000092f00000)
 Metaspace       used 76222K, committed 77824K, reserved 1179648K
  class space    used 7788K, committed 8512K, reserved 1048576K
}

