# JRE version: OpenJDK Runtime Environment Temurin-21.0.9+10 (21.0.9+10) (build 21.0.9+10-LTS)
# Java VM: OpenJDK 64-Bit Server VM Temurin-21.0.9+10 (21.0.9+10-LTS, mixed mode, sharing, tiered, compressed oops, compressed class ptrs, parallel gc, windows-amd64)
GC Precious Log:
 CardTable entry size: 512
 CPUs: 12 total, 12 available
 Memory: 15706M
 Large Page Support: Disabled
 NUMA Support: Disabled
 Compressed Oops: Enabled (32-bit)
 Alignments: Space 512K, Generation 512K, Heap 2M
 Heap Min Capacity: 100M
 Heap Initial Capacity: 100M
 Heap Max Capacity: 2G
 Pre-touch: Disabled
 Parallel Workers: 10
Heap:
 PSYoungGen      total 5632K, used 2782K [0x00000000d5580000, 0x00000000d5c00000, 0x0000000100000000)
  eden space 4608K, 42% used [0x00000000d5580000,0x00000000d576d698,0x00000000d5a00000)
  from space 1024K, 79% used [0x00000000d5b00000,0x00000000d5bca520,0x00000000d5c00000)
  to   space 1024K, 0% used [0x00000000d5a00000,0x00000000d5a00000,0x00000000d5b00000)
 ParOldGen       total 807936K, used 541164K [0x0000000080000000, 0x00000000b1500000, 0x00000000d5580000)
  object space 807936K, 66% used [0x0000000080000000,0x00000000a107b1e8,0x00000000b1500000)
 Metaspace       used 72114K, committed 73728K, reserved 1179648K
  class space    used 7142K, committed 7872K, reserved 1048576K
GC Heap History (20 events):
Event: 71.676 GC heap after
{Heap after GC invocations=1349 (full 4):
 PSYoungGen      total 5632K, used 704K [0x00000000d5580000, 0x00000000d5c00000, 0x0000000100000000)
  eden space 4608K, 0% used [0x00000000d5580000,0x00000000d5580000,0x00000000d5a00000)
  from space 1024K, 68% used [0x00000000d5a00000,0x00000000d5ab0000,0x00000000d5b00000)
  to   space 1024K, 0% used [0x00000000d5b00000,0x00000000d5b00000,0x00000000d5c00000)
 ParOldGen       total 807936K, used 527870K [0x0000000080000000, 0x00000000b1500000, 0x00000000d5580000)
  object space 807936K, 65% used [0x0000000080000000,0x00000000a037fa80,0x00000000b1500000)
 Metaspace       used 72034K, committed 73664K, reserved 1179648K
  class space    used 7142K, committed 7872K, reserved 1048576K
}
Event: 71.706 GC heap before
{Heap before GC invocations=1350 (full 4):
 PSYoungGen      total 5632K, used 5312K [0x00000000d5580000, 0x00000000d5c00000, 0x0000000100000000)
  eden space 4608K, 100% used [0x00000000d5580000,0x00000000d5a00000,0x00000000d5a00000)
  from space 1024K, 68% used [0x00000000d5a00000,0x00000000d5ab0000,0x00000000d5b00000)
  to   space 1024K, 0% used [0x00000000d5b00000,0x00000000d5b00000,0x00000000d5c00000)
 ParOldGen       total 807936K, used 527870K [0x0000000080000000, 0x00000000b1500000, 0x00000000d5580000)
  object space 807936K, 65% used [0x0000000080000000,0x00000000a037fa80,0x00000000b1500000)
 Metaspace       used 72040K, committed 73664K, reserved 1179648K
  class space    used 7142K, committed 7872K, reserved 1048576K
}
Event: 71.709 GC heap after
{Heap after GC invocations=1350 (full 4):
 PSYoungGen      total 5632K, used 704K [0x00000000d5580000, 0x00000000d5c00000, 0x0000000100000000)
  eden space 4608K, 0% used [0x00000000d5580000,0x00000000d5580000,0x00000000d5a00000)
  from space 1024K, 68% used [0x00000000d5b00000,0x00000000d5bb0000,0x00000000d5c00000)
  to   space 1024K, 0% used [0x00000000d5a00000,0x00000000d5a00000,0x00000000d5b00000)
 ParOldGen       total 807936K, used 528433K [0x0000000080000000, 0x00000000b1500000, 0x00000000d5580000)
  object space 807936K, 65% used [0x0000000080000000,0x00000000a040c690,0x00000000b1500000)
 Metaspace       used 72040K, committed 73664K, reserved 1179648K
  class space    used 7142K, committed 7872K, reserved 1048576K
}
Event: 71.755 GC heap before
{Heap before GC invocations=1351 (full 4):
 PSYoungGen      total 5632K, used 5312K [0x00000000d5580000, 0x00000000d5c00000, 0x0000000100000000)
  eden space 4608K, 100% used [0x00000000d5580000,0x00000000d5a00000,0x00000000d5a00000)
  from space 1024K, 68% used [0x00000000d5b00000,0x00000000d5bb0000,0x00000000d5c00000)
  to   space 1024K, 0% used [0x00000000d5a00000,0x00000000d5a00000,0x00000000d5b00000)
 ParOldGen       total 807936K, used 528433K [0x0000000080000000, 0x00000000b1500000, 0x00000000d5580000)
  object space 807936K, 65% used [0x0000000080000000,0x00000000a040c690,0x00000000b1500000)
 Metaspace       used 72054K, committed 73664K, reserved 1179648K
  class space    used 7142K, committed 7872K, reserved 1048576K
}
Event: 71.757 GC heap after
{Heap after GC invocations=1351 (full 4):
 PSYoungGen      total 5632K, used 672K [0x00000000d5580000, 0x00000000d5c00000, 0x0000000100000000)
  eden space 4608K, 0% used [0x00000000d5580000,0x00000000d5580000,0x00000000d5a00000)
  from space 1024K, 65% used [0x00000000d5a00000,0x00000000d5aa8000,0x00000000d5b00000)
  to   space 1024K, 0% used [0x00000000d5b00000,0x00000000d5b00000,0x00000000d5c00000)
 ParOldGen       total 807936K, used 528993K [0x0000000080000000, 0x00000000b1500000, 0x00000000d5580000)
  object space 807936K, 65% used [0x0000000080000000,0x00000000a0498690,0x00000000b1500000)
 Metaspace       used 72054K, committed 73664K, reserved 1179648K
  class space    used 7142K, committed 7872K, reserved 1048576K
}
Event: 71.775 GC heap before
{Heap before GC invocations=1352 (full 4):
 PSYoungGen      total 5632K, used 5279K [0x00000000d5580000, 0x00000000d5c00000, 0x0000000100000000)
  eden space 4608K, 99% used [0x00000000d5580000,0x00000000d59fffb8,0x00000000d5a00000)
  from space 1024K, 65% used [0x00000000d5a00000,0x00000000d5aa8000,0x00000000d5b00000)
  to   space 1024K, 0% used [0x00000000d5b00000,0x00000000d5b00000,0x00000000d5c00000)
 ParOldGen       total 807936K, used 528993K [0x0000000080000000, 0x00000000b1500000, 0x00000000d5580000)
  object space 807936K, 65% used [0x0000000080000000,0x00000000a0498690,0x00000000b1500000)
 Metaspace       used 72058K, committed 73664K, reserved 1179648K
  class space    used 7142K, committed 7872K, reserved 1048576K
}
Event: 71.778 GC heap after
{Heap after GC invocations=1352 (full 4):
 PSYoungGen      total 5632K, used 804K [0x00000000d5580000, 0x00000000d5c00000, 0x0000000100000000)
  eden space 4608K, 0% used [0x00000000d5580000,0x00000000d5580000,0x00000000d5a00000)
  from space 1024K, 78% used [0x00000000d5b00000,0x00000000d5bc9210,0x00000000d5c00000)
  to   space 1024K, 0% used [0x00000000d5a00000,0x00000000d5a00000,0x00000000d5b00000)
 ParOldGen       total 807936K, used 529513K [0x0000000080000000, 0x00000000b1500000, 0x00000000d5580000)
  object space 807936K, 65% used [0x0000000080000000,0x00000000a051a690,0x00000000b1500000)
 Metaspace       used 72058K, committed 73664K, reserved 1179648K
  class space    used 7142K, committed 7872K, reserved 1048576K
}
Event: 71.830 GC heap before
{Heap before GC invocations=1353 (full 4):
 PSYoungGen      total 5632K, used 5412K [0x00000000d5580000, 0x00000000d5c00000, 0x0000000100000000)
  eden space 4608K, 100% used [0x00000000d5580000,0x00000000d5a00000,0x00000000d5a00000)
  from space 1024K, 78% used [0x00000000d5b00000,0x00000000d5bc9210,0x00000000d5c00000)
  to   space 1024K, 0% used [0x00000000d5a00000,0x00000000d5a00000,0x00000000d5b00000)
 ParOldGen       total 807936K, used 529513K [0x0000000080000000, 0x00000000b1500000, 0x00000000d5580000)
  object space 807936K, 65% used [0x0000000080000000,0x00000000a051a690,0x00000000b1500000)
 Metaspace       used 72060K, committed 73664K, reserved 1179648K
  class space    used 7142K, committed 7872K, reserved 1048576K
}
Event: 71.833 GC heap after
{Heap after GC invocations=1353 (full 4):
 PSYoungGen      total 5632K, used 996K [0x00000000d5580000, 0x00000000d5e00000, 0x0000000100000000)
  eden space 4608K, 0% used [0x00000000d5580000,0x00000000d5580000,0x00000000d5a00000)
  from space 1024K, 97% used [0x00000000d5a00000,0x00000000d5af9100,0x00000000d5b00000)
  to   space 2048K, 0% used [0x00000000d5c00000,0x00000000d5c00000,0x00000000d5e00000)
 ParOldGen       total 807936K, used 530230K [0x0000000080000000, 0x00000000b1500000, 0x00000000d5580000)
  object space 807936K, 65% used [0x0000000080000000,0x00000000a05cd8a0,0x00000000b1500000)
 Metaspace       used 72060K, committed 73664K, reserved 1179648K
  class space    used 7142K, committed 7872K, reserved 1048576K
}
Event: 71.868 GC heap before
{Heap before GC invocations=1354 (full 4):
 PSYoungGen      total 5632K, used 5604K [0x00000000d5580000, 0x00000000d5e00000, 0x0000000100000000)
  eden space 4608K, 99% used [0x00000000d5580000,0x00000000d59ffff0,0x00000000d5a00000)
  from space 1024K, 97% used [0x00000000d5a00000,0x00000000d5af9100,0x00000000d5b00000)
  to   space 2048K, 0% used [0x00000000d5c00000,0x00000000d5c00000,0x00000000d5e00000)
 ParOldGen       total 807936K, used 530230K [0x0000000080000000, 0x00000000b1500000, 0x00000000d5580000)
  object space 807936K, 65% used [0x0000000080000000,0x00000000a05cd8a0,0x00000000b1500000)
 Metaspace       used 72062K, committed 73664K, reserved 1179648K
  class space    used 7142K, committed 7872K, reserved 1048576K
}
Event: 71.876 GC heap after
{Heap after GC invocations=1354 (full 4):
 PSYoungGen      total 6656K, used 1882K [0x00000000d5580000, 0x00000000d5e00000, 0x0000000100000000)
  eden space 4608K, 0% used [0x00000000d5580000,0x00000000d5580000,0x00000000d5a00000)
  from space 2048K, 91% used [0x00000000d5c00000,0x00000000d5dd6800,0x00000000d5e00000)
  to   space 2048K, 0% used [0x00000000d5a00000,0x00000000d5a00000,0x00000000d5c00000)
 ParOldGen       total 807936K, used 530852K [0x0000000080000000, 0x00000000b1500000, 0x00000000d5580000)
  object space 807936K, 65% used [0x0000000080000000,0x00000000a06690c0,0x00000000b1500000)
 Metaspace       used 72062K, committed 73664K, reserved 1179648K
  class space    used 7142K, committed 7872K, reserved 1048576K
}
Event: 71.923 GC heap before
{Heap before GC invocations=1355 (full 4):
 PSYoungGen      total 6656K, used 6490K [0x00000000d5580000, 0x00000000d5e00000, 0x0000000100000000)
  eden space 4608K, 100% used [0x00000000d5580000,0x00000000d5a00000,0x00000000d5a00000)
  from space 2048K, 91% used [0x00000000d5c00000,0x00000000d5dd6800,0x00000000d5e00000)
  to   space 2048K, 0% used [0x00000000d5a00000,0x00000000d5a00000,0x00000000d5c00000)
 ParOldGen       total 807936K, used 530852K [0x0000000080000000, 0x00000000b1500000, 0x00000000d5580000)
  object space 807936K, 65% used [0x0000000080000000,0x00000000a06690c0,0x00000000b1500000)
 Metaspace       used 72065K, committed 73664K, reserved 1179648K
  class space    used 7142K, committed 7872K, reserved 1048576K
}
Event: 71.927 GC heap after
{Heap after GC invocations=1355 (full 4):
 PSYoungGen      total 6144K, used 1270K [0x00000000d5580000, 0x00000000d5d00000, 0x0000000100000000)
  eden space 4608K, 0% used [0x00000000d5580000,0x00000000d5580000,0x00000000d5a00000)
  from space 1536K, 82% used [0x00000000d5a00000,0x00000000d5b3da00,0x00000000d5b80000)
  to   space 1536K, 0% used [0x00000000d5b80000,0x00000000d5b80000,0x00000000d5d00000)
 ParOldGen       total 807936K, used 532328K [0x0000000080000000, 0x00000000b1500000, 0x00000000d5580000)
  object space 807936K, 65% used [0x0000000080000000,0x00000000a07da190,0x00000000b1500000)
 Metaspace       used 72065K, committed 73664K, reserved 1179648K
  class space    used 7142K, committed 7872K, reserved 1048576K
}
Event: 71.969 GC heap before
{Heap before GC invocations=1356 (full 4):
 PSYoungGen      total 6144K, used 5878K [0x00000000d5580000, 0x00000000d5d00000, 0x0000000100000000)
  eden space 4608K, 100% used [0x00000000d5580000,0x00000000d5a00000,0x00000000d5a00000)
  from space 1536K, 82% used [0x00000000d5a00000,0x00000000d5b3da00,0x00000000d5b80000)
  to   space 1536K, 0% used [0x00000000d5b80000,0x00000000d5b80000,0x00000000d5d00000)
 ParOldGen       total 807936K, used 532328K [0x0000000080000000, 0x00000000b1500000, 0x00000000d5580000)
  object space 807936K, 65% used [0x0000000080000000,0x00000000a07da190,0x00000000b1500000)
 Metaspace       used 72066K, committed 73664K, reserved 1179648K
  class space    used 7142K, committed 7872K, reserved 1048576K
}
Event: 71.975 GC heap after
{Heap after GC invocations=1356 (full 4):
 PSYoungGen      total 5632K, used 794K [0x00000000d5580000, 0x00000000d5c80000, 0x0000000100000000)
  eden space 4608K, 0% used [0x00000000d5580000,0x00000000d5580000,0x00000000d5a00000)
  from space 1024K, 77% used [0x00000000d5b80000,0x00000000d5c46920,0x00000000d5c80000)
  to   space 1024K, 0% used [0x00000000d5a80000,0x00000000d5a80000,0x00000000d5b80000)
 ParOldGen       total 807936K, used 533404K [0x0000000080000000, 0x00000000b1500000, 0x00000000d5580000)
  object space 807936K, 66% used [0x0000000080000000,0x00000000a08e7398,0x00000000b1500000)
 Metaspace       used 72066K, committed 73664K, reserved 1179648K
  class space    used 7142K, committed 7872K, reserved 1048576K
}
Event: 72.024 GC heap before
{Heap before GC invocations=1357 (full 4):
 PSYoungGen      total 5632K, used 5402K [0x00000000d5580000, 0x00000000d5c80000, 0x0000000100000000)
  eden space 4608K, 100% used [0x00000000d5580000,0x00000000d5a00000,0x00000000d5a00000)
  from space 1024K, 77% used [0x00000000d5b80000,0x00000000d5c46920,0x00000000d5c80000)
  to   space 1024K, 0% used [0x00000000d5a80000,0x00000000d5a80000,0x00000000d5b80000)
 ParOldGen       total 807936K, used 533404K [0x0000000080000000, 0x00000000b1500000, 0x00000000d5580000)
  object space 807936K, 66% used [0x0000000080000000,0x00000000a08e7398,0x00000000b1500000)
 Metaspace       used 72071K, committed 73664K, reserved 1179648K
  class space    used 7142K, committed 7872K, reserved 1048576K
}
Event: 72.027 GC heap after
{Heap after GC invocations=1357 (full 4):
 PSYoungGen      total 5632K, used 820K [0x00000000d5580000, 0x00000000d5c00000, 0x0000000100000000)
  eden space 4608K, 0% used [0x00000000d5580000,0x00000000d5580000,0x00000000d5a00000)
  from space 1024K, 80% used [0x00000000d5a80000,0x00000000d5b4d200,0x00000000d5b80000)
  to   space 512K, 0% used [0x00000000d5b80000,0x00000000d5b80000,0x00000000d5c00000)
 ParOldGen       total 807936K, used 534021K [0x0000000080000000, 0x00000000b1500000, 0x00000000d5580000)
  object space 807936K, 66% used [0x0000000080000000,0x00000000a09815f8,0x00000000b1500000)
 Metaspace       used 72071K, committed 73664K, reserved 1179648K
  class space    used 7142K, committed 7872K, reserved 1048576K
}
Event: 72.119 GC heap before
{Heap before GC invocations=1358 (full 4):
 PSYoungGen      total 5632K, used 5428K [0x00000000d5580000, 0x00000000d5c00000, 0x0000000100000000)
  eden space 4608K, 100% used [0x00000000d5580000,0x00000000d5a00000,0x00000000d5a00000)
  from space 1024K, 80% used [0x00000000d5a80000,0x00000000d5b4d200,0x00000000d5b80000)
  to   space 512K, 0% used [0x00000000d5b80000,0x00000000d5b80000,0x00000000d5c00000)
 ParOldGen       total 807936K, used 534021K [0x0000000080000000, 0x00000000b1500000, 0x00000000d5580000)
  object space 807936K, 66% used [0x0000000080000000,0x00000000a09815f8,0x00000000b1500000)
 Metaspace       used 72072K, committed 73664K, reserved 1179648K
  class space    used 7142K, committed 7872K, reserved 1048576K
}
Event: 72.123 GC heap after
{Heap after GC invocations=1358 (full 4):
 PSYoungGen      total 5120K, used 500K [0x00000000d5580000, 0x00000000d5d00000, 0x0000000100000000)
  eden space 4608K, 0% used [0x00000000d5580000,0x00000000d5580000,0x00000000d5a00000)
  from space 512K, 97% used [0x00000000d5b80000,0x00000000d5bfd200,0x00000000d5c00000)
  to   space 1536K, 0% used [0x00000000d5a00000,0x00000000d5a00000,0x00000000d5b80000)
 ParOldGen       total 807936K, used 534930K [0x0000000080000000, 0x00000000b1500000, 0x00000000d5580000)
  object space 807936K, 66% used [0x0000000080000000,0x00000000a0a64828,0x00000000b1500000)
 Metaspace       used 72072K, committed 73664K, reserved 1179648K
  class space    used 7142K, committed 7872K, reserved 1048576K
}
Event: 73.916 GC heap before
{Heap before GC invocations=1359 (full 4):
 PSYoungGen      total 5120K, used 5108K [0x00000000d5580000, 0x00000000d5d00000, 0x0000000100000000)
  eden space 4608K, 100% used [0x00000000d5580000,0x00000000d5a00000,0x00000000d5a00000)
  from space 512K, 97% used [0x00000000d5b80000,0x00000000d5bfd200,0x00000000d5c00000)
  to   space 1536K, 0% used [0x00000000d5a00000,0x00000000d5a00000,0x00000000d5b80000)
 ParOldGen       total 807936K, used 534930K [0x0000000080000000, 0x00000000b1500000, 0x00000000d5580000)
  object space 807936K, 66% used [0x0000000080000000,0x00000000a0a64828,0x00000000b1500000)
 Metaspace       used 72091K, committed 73728K, reserved 1179648K
  class space    used 7142K, committed 7872K, reserved 1048576K
}

