# JRE version: OpenJDK Runtime Environment Temurin-21.0.9+10 (21.0.9+10) (build 21.0.9+10-LTS)
# Java VM: OpenJDK 64-Bit Server VM Temurin-21.0.9+10 (21.0.9+10-LTS, mixed mode, sharing, tiered, compressed oops, compressed class ptrs, parallel gc, windows-amd64)
GC Precious Log:
 CardTable entry size: 512
 CPUs: 12 total, 12 available
 Memory: 15706M
 Large Page Support: Disabled
 NUMA Support: Disabled
 Compressed Oops: Enabled (32-bit)
 Alignments: Space 512K, Generation 512K, Heap 2M
 Heap Min Capacity: 100M
 Heap Initial Capacity: 100M
 Heap Max Capacity: 2G
 Pre-touch: Disabled
 Parallel Workers: 10
Heap:
 PSYoungGen      total 9216K, used 8003K [0x00000000d5580000, 0x00000000d6200000, 0x0000000100000000)
  eden space 5632K, 87% used [0x00000000d5580000,0x00000000d5a4fb18,0x00000000d5b00000)
  from space 3584K, 85% used [0x00000000d5b00000,0x00000000d5e01210,0x00000000d5e80000)
  to   space 3584K, 0% used [0x00000000d5e80000,0x00000000d5e80000,0x00000000d6200000)
 ParOldGen       total 1146368K, used 1146208K [0x0000000080000000, 0x00000000c5f80000, 0x00000000d5580000)
  object space 1146368K, 99% used [0x0000000080000000,0x00000000c5f58298,0x00000000c5f80000)
 Metaspace       used 101958K, committed 103616K, reserved 1179648K
  class space    used 9986K, committed 10752K, reserved 1048576K
GC Heap History (20 events):
Event: 9671.620 GC heap before
{Heap before GC invocations=5004 (full 17):
 PSYoungGen      total 3072K, used 2303K [0x00000000d5580000, 0x00000000d5980000, 0x0000000100000000)
  eden space 2048K, 99% used [0x00000000d5580000,0x00000000d577ff88,0x00000000d5780000)
  from space 1024K, 25% used [0x00000000d5780000,0x00000000d57c0000,0x00000000d5880000)
  to   space 512K, 0% used [0x00000000d5900000,0x00000000d5900000,0x00000000d5980000)
 ParOldGen       total 1130496K, used 1129363K [0x0000000080000000, 0x00000000c5000000, 0x00000000d5580000)
  object space 1130496K, 99% used [0x0000000080000000,0x00000000c4ee4ce0,0x00000000c5000000)
 Metaspace       used 101958K, committed 103616K, reserved 1179648K
  class space    used 9986K, committed 10752K, reserved 1048576K
}
Event: 9671.626 GC heap after
{Heap after GC invocations=5004 (full 17):
 PSYoungGen      total 1536K, used 512K [0x00000000d5580000, 0x00000000d5d00000, 0x0000000100000000)
  eden space 1024K, 0% used [0x00000000d5580000,0x00000000d5580000,0x00000000d5680000)
  from space 512K, 100% used [0x00000000d5900000,0x00000000d5980000,0x00000000d5980000)
  to   space 2560K, 0% used [0x00000000d5680000,0x00000000d5680000,0x00000000d5900000)
 ParOldGen       total 1131520K, used 1130932K [0x0000000080000000, 0x00000000c5100000, 0x00000000d5580000)
  object space 1131520K, 99% used [0x0000000080000000,0x00000000c506d310,0x00000000c5100000)
 Metaspace       used 101958K, committed 103616K, reserved 1179648K
  class space    used 9986K, committed 10752K, reserved 1048576K
}
Event: 9671.631 GC heap before
{Heap before GC invocations=5005 (full 17):
 PSYoungGen      total 1536K, used 1535K [0x00000000d5580000, 0x00000000d5d00000, 0x0000000100000000)
  eden space 1024K, 99% used [0x00000000d5580000,0x00000000d567ff88,0x00000000d5680000)
  from space 512K, 100% used [0x00000000d5900000,0x00000000d5980000,0x00000000d5980000)
  to   space 2560K, 0% used [0x00000000d5680000,0x00000000d5680000,0x00000000d5900000)
 ParOldGen       total 1131520K, used 1130932K [0x0000000080000000, 0x00000000c5100000, 0x00000000d5580000)
  object space 1131520K, 99% used [0x0000000080000000,0x00000000c506d310,0x00000000c5100000)
 Metaspace       used 101958K, committed 103616K, reserved 1179648K
  class space    used 9986K, committed 10752K, reserved 1048576K
}
Event: 9671.635 GC heap after
{Heap after GC invocations=5005 (full 17):
 PSYoungGen      total 2560K, used 1184K [0x00000000d5580000, 0x00000000d5a00000, 0x0000000100000000)
  eden space 1024K, 0% used [0x00000000d5580000,0x00000000d5580000,0x00000000d5680000)
  from space 1536K, 77% used [0x00000000d5680000,0x00000000d57a8000,0x00000000d5800000)
  to   space 1536K, 0% used [0x00000000d5880000,0x00000000d5880000,0x00000000d5a00000)
 ParOldGen       total 1131520K, used 1131452K [0x0000000080000000, 0x00000000c5100000, 0x00000000d5580000)
  object space 1131520K, 99% used [0x0000000080000000,0x00000000c50ef310,0x00000000c5100000)
 Metaspace       used 101958K, committed 103616K, reserved 1179648K
  class space    used 9986K, committed 10752K, reserved 1048576K
}
Event: 9671.640 GC heap before
{Heap before GC invocations=5006 (full 17):
 PSYoungGen      total 2560K, used 2208K [0x00000000d5580000, 0x00000000d5a00000, 0x0000000100000000)
  eden space 1024K, 100% used [0x00000000d5580000,0x00000000d5680000,0x00000000d5680000)
  from space 1536K, 77% used [0x00000000d5680000,0x00000000d57a8000,0x00000000d5800000)
  to   space 1536K, 0% used [0x00000000d5880000,0x00000000d5880000,0x00000000d5a00000)
 ParOldGen       total 1131520K, used 1131452K [0x0000000080000000, 0x00000000c5100000, 0x00000000d5580000)
  object space 1131520K, 99% used [0x0000000080000000,0x00000000c50ef310,0x00000000c5100000)
 Metaspace       used 101958K, committed 103616K, reserved 1179648K
  class space    used 9986K, committed 10752K, reserved 1048576K
}
Event: 9671.645 GC heap after
{Heap after GC invocations=5006 (full 17):
 PSYoungGen      total 3072K, used 1184K [0x00000000d5580000, 0x00000000d5a00000, 0x0000000100000000)
  eden space 1536K, 0% used [0x00000000d5580000,0x00000000d5580000,0x00000000d5700000)
  from space 1536K, 77% used [0x00000000d5880000,0x00000000d59a8000,0x00000000d5a00000)
  to   space 1536K, 0% used [0x00000000d5700000,0x00000000d5700000,0x00000000d5880000)
 ParOldGen       total 1132544K, used 1132476K [0x0000000080000000, 0x00000000c5200000, 0x00000000d5580000)
  object space 1132544K, 99% used [0x0000000080000000,0x00000000c51ef310,0x00000000c5200000)
 Metaspace       used 101958K, committed 103616K, reserved 1179648K
  class space    used 9986K, committed 10752K, reserved 1048576K
}
Event: 9671.651 GC heap before
{Heap before GC invocations=5007 (full 17):
 PSYoungGen      total 3072K, used 2720K [0x00000000d5580000, 0x00000000d5a00000, 0x0000000100000000)
  eden space 1536K, 100% used [0x00000000d5580000,0x00000000d5700000,0x00000000d5700000)
  from space 1536K, 77% used [0x00000000d5880000,0x00000000d59a8000,0x00000000d5a00000)
  to   space 1536K, 0% used [0x00000000d5700000,0x00000000d5700000,0x00000000d5880000)
 ParOldGen       total 1132544K, used 1132476K [0x0000000080000000, 0x00000000c5200000, 0x00000000d5580000)
  object space 1132544K, 99% used [0x0000000080000000,0x00000000c51ef310,0x00000000c5200000)
 Metaspace       used 101958K, committed 103616K, reserved 1179648K
  class space    used 9986K, committed 10752K, reserved 1048576K
}
Event: 9671.657 GC heap after
{Heap after GC invocations=5007 (full 17):
 PSYoungGen      total 3072K, used 1515K [0x00000000d5580000, 0x00000000d5d80000, 0x0000000100000000)
  eden space 1536K, 0% used [0x00000000d5580000,0x00000000d5580000,0x00000000d5700000)
  from space 1536K, 98% used [0x00000000d5700000,0x00000000d587af88,0x00000000d5880000)
  to   space 3072K, 0% used [0x00000000d5a80000,0x00000000d5a80000,0x00000000d5d80000)
 ParOldGen       total 1133568K, used 1133556K [0x0000000080000000, 0x00000000c5300000, 0x00000000d5580000)
  object space 1133568K, 99% used [0x0000000080000000,0x00000000c52fd310,0x00000000c5300000)
 Metaspace       used 101958K, committed 103616K, reserved 1179648K
  class space    used 9986K, committed 10752K, reserved 1048576K
}
Event: 9671.665 GC heap before
{Heap before GC invocations=5008 (full 17):
 PSYoungGen      total 3072K, used 3051K [0x00000000d5580000, 0x00000000d5d80000, 0x0000000100000000)
  eden space 1536K, 100% used [0x00000000d5580000,0x00000000d5700000,0x00000000d5700000)
  from space 1536K, 98% used [0x00000000d5700000,0x00000000d587af88,0x00000000d5880000)
  to   space 3072K, 0% used [0x00000000d5a80000,0x00000000d5a80000,0x00000000d5d80000)
 ParOldGen       total 1133568K, used 1133556K [0x0000000080000000, 0x00000000c5300000, 0x00000000d5580000)
  object space 1133568K, 99% used [0x0000000080000000,0x00000000c52fd310,0x00000000c5300000)
 Metaspace       used 101958K, committed 103616K, reserved 1179648K
  class space    used 9986K, committed 10752K, reserved 1048576K
}
Event: 9671.670 GC heap after
{Heap after GC invocations=5008 (full 17):
 PSYoungGen      total 4096K, used 1696K [0x00000000d5580000, 0x00000000d5c80000, 0x0000000100000000)
  eden space 2048K, 0% used [0x00000000d5580000,0x00000000d5580000,0x00000000d5780000)
  from space 2048K, 82% used [0x00000000d5a80000,0x00000000d5c28000,0x00000000d5c80000)
  to   space 2048K, 0% used [0x00000000d5880000,0x00000000d5880000,0x00000000d5a80000)
 ParOldGen       total 1135104K, used 1135064K [0x0000000080000000, 0x00000000c5480000, 0x00000000d5580000)
  object space 1135104K, 99% used [0x0000000080000000,0x00000000c5476298,0x00000000c5480000)
 Metaspace       used 101958K, committed 103616K, reserved 1179648K
  class space    used 9986K, committed 10752K, reserved 1048576K
}
Event: 9671.680 GC heap before
{Heap before GC invocations=5009 (full 17):
 PSYoungGen      total 4096K, used 3744K [0x00000000d5580000, 0x00000000d5c80000, 0x0000000100000000)
  eden space 2048K, 100% used [0x00000000d5580000,0x00000000d5780000,0x00000000d5780000)
  from space 2048K, 82% used [0x00000000d5a80000,0x00000000d5c28000,0x00000000d5c80000)
  to   space 2048K, 0% used [0x00000000d5880000,0x00000000d5880000,0x00000000d5a80000)
 ParOldGen       total 1135104K, used 1135064K [0x0000000080000000, 0x00000000c5480000, 0x00000000d5580000)
  object space 1135104K, 99% used [0x0000000080000000,0x00000000c5476298,0x00000000c5480000)
 Metaspace       used 101958K, committed 103616K, reserved 1179648K
  class space    used 9986K, committed 10752K, reserved 1048576K
}
Event: 9671.685 GC heap after
{Heap after GC invocations=5009 (full 17):
 PSYoungGen      total 4608K, used 2048K [0x00000000d5580000, 0x00000000d6000000, 0x0000000100000000)
  eden space 2560K, 0% used [0x00000000d5580000,0x00000000d5580000,0x00000000d5800000)
  from space 2048K, 100% used [0x00000000d5880000,0x00000000d5a80000,0x00000000d5a80000)
  to   space 4096K, 0% used [0x00000000d5c00000,0x00000000d5c00000,0x00000000d6000000)
 ParOldGen       total 1137152K, used 1136656K [0x0000000080000000, 0x00000000c5680000, 0x00000000d5580000)
  object space 1137152K, 99% used [0x0000000080000000,0x00000000c5604298,0x00000000c5680000)
 Metaspace       used 101958K, committed 103616K, reserved 1179648K
  class space    used 9986K, committed 10752K, reserved 1048576K
}
Event: 9671.698 GC heap before
{Heap before GC invocations=5010 (full 17):
 PSYoungGen      total 4608K, used 4608K [0x00000000d5580000, 0x00000000d6000000, 0x0000000100000000)
  eden space 2560K, 100% used [0x00000000d5580000,0x00000000d5800000,0x00000000d5800000)
  from space 2048K, 100% used [0x00000000d5880000,0x00000000d5a80000,0x00000000d5a80000)
  to   space 4096K, 0% used [0x00000000d5c00000,0x00000000d5c00000,0x00000000d6000000)
 ParOldGen       total 1137152K, used 1136656K [0x0000000080000000, 0x00000000c5680000, 0x00000000d5580000)
  object space 1137152K, 99% used [0x0000000080000000,0x00000000c5604298,0x00000000c5680000)
 Metaspace       used 101958K, committed 103616K, reserved 1179648K
  class space    used 9986K, committed 10752K, reserved 1048576K
}
Event: 9671.706 GC heap after
{Heap after GC invocations=5010 (full 17):
 PSYoungGen      total 6144K, used 2720K [0x00000000d5580000, 0x00000000d5f00000, 0x0000000100000000)
  eden space 3072K, 0% used [0x00000000d5580000,0x00000000d5580000,0x00000000d5880000)
  from space 3072K, 88% used [0x00000000d5c00000,0x00000000d5ea8000,0x00000000d5f00000)
  to   space 3072K, 0% used [0x00000000d5900000,0x00000000d5900000,0x00000000d5c00000)
 ParOldGen       total 1139200K, used 1138688K [0x0000000080000000, 0x00000000c5880000, 0x00000000d5580000)
  object space 1139200K, 99% used [0x0000000080000000,0x00000000c5800298,0x00000000c5880000)
 Metaspace       used 101958K, committed 103616K, reserved 1179648K
  class space    used 9986K, committed 10752K, reserved 1048576K
}
Event: 9671.718 GC heap before
{Heap before GC invocations=5011 (full 17):
 PSYoungGen      total 6144K, used 5792K [0x00000000d5580000, 0x00000000d5f00000, 0x0000000100000000)
  eden space 3072K, 100% used [0x00000000d5580000,0x00000000d5880000,0x00000000d5880000)
  from space 3072K, 88% used [0x00000000d5c00000,0x00000000d5ea8000,0x00000000d5f00000)
  to   space 3072K, 0% used [0x00000000d5900000,0x00000000d5900000,0x00000000d5c00000)
 ParOldGen       total 1139200K, used 1138688K [0x0000000080000000, 0x00000000c5880000, 0x00000000d5580000)
  object space 1139200K, 99% used [0x0000000080000000,0x00000000c5800298,0x00000000c5880000)
 Metaspace       used 101958K, committed 103616K, reserved 1179648K
  class space    used 9986K, committed 10752K, reserved 1048576K
}
Event: 9671.726 GC heap after
{Heap after GC invocations=5011 (full 17):
 PSYoungGen      total 6656K, used 3072K [0x00000000d5580000, 0x00000000d6680000, 0x0000000100000000)
  eden space 3584K, 0% used [0x00000000d5580000,0x00000000d5580000,0x00000000d5900000)
  from space 3072K, 100% used [0x00000000d5900000,0x00000000d5c00000,0x00000000d5c00000)
  to   space 6656K, 0% used [0x00000000d6000000,0x00000000d6000000,0x00000000d6680000)
 ParOldGen       total 1141760K, used 1141336K [0x0000000080000000, 0x00000000c5b00000, 0x00000000d5580000)
  object space 1141760K, 99% used [0x0000000080000000,0x00000000c5a96298,0x00000000c5b00000)
 Metaspace       used 101958K, committed 103616K, reserved 1179648K
  class space    used 9986K, committed 10752K, reserved 1048576K
}
Event: 9671.762 GC heap before
{Heap before GC invocations=5012 (full 17):
 PSYoungGen      total 6656K, used 6656K [0x00000000d5580000, 0x00000000d6680000, 0x0000000100000000)
  eden space 3584K, 100% used [0x00000000d5580000,0x00000000d5900000,0x00000000d5900000)
  from space 3072K, 100% used [0x00000000d5900000,0x00000000d5c00000,0x00000000d5c00000)
  to   space 6656K, 0% used [0x00000000d6000000,0x00000000d6000000,0x00000000d6680000)
 ParOldGen       total 1141760K, used 1141336K [0x0000000080000000, 0x00000000c5b00000, 0x00000000d5580000)
  object space 1141760K, 99% used [0x0000000080000000,0x00000000c5a96298,0x00000000c5b00000)
 Metaspace       used 101958K, committed 103616K, reserved 1179648K
  class space    used 9986K, committed 10752K, reserved 1048576K
}
Event: 9671.771 GC heap after
{Heap after GC invocations=5012 (full 17):
 PSYoungGen      total 7680K, used 2848K [0x00000000d5580000, 0x00000000d6300000, 0x0000000100000000)
  eden space 4608K, 0% used [0x00000000d5580000,0x00000000d5580000,0x00000000d5a00000)
  from space 3072K, 92% used [0x00000000d6000000,0x00000000d62c8000,0x00000000d6300000)
  to   space 4096K, 0% used [0x00000000d5b00000,0x00000000d5b00000,0x00000000d5f00000)
 ParOldGen       total 1144832K, used 1144392K [0x0000000080000000, 0x00000000c5e00000, 0x00000000d5580000)
  object space 1144832K, 99% used [0x0000000080000000,0x00000000c5d92298,0x00000000c5e00000)
 Metaspace       used 101958K, committed 103616K, reserved 1179648K
  class space    used 9986K, committed 10752K, reserved 1048576K
}
Event: 9672.018 GC heap before
{Heap before GC invocations=5013 (full 17):
 PSYoungGen      total 7680K, used 7456K [0x00000000d5580000, 0x00000000d6300000, 0x0000000100000000)
  eden space 4608K, 100% used [0x00000000d5580000,0x00000000d5a00000,0x00000000d5a00000)
  from space 3072K, 92% used [0x00000000d6000000,0x00000000d62c8000,0x00000000d6300000)
  to   space 4096K, 0% used [0x00000000d5b00000,0x00000000d5b00000,0x00000000d5f00000)
 ParOldGen       total 1144832K, used 1144392K [0x0000000080000000, 0x00000000c5e00000, 0x00000000d5580000)
  object space 1144832K, 99% used [0x0000000080000000,0x00000000c5d92298,0x00000000c5e00000)
 Metaspace       used 101958K, committed 103616K, reserved 1179648K
  class space    used 9986K, committed 10752K, reserved 1048576K
}
Event: 9672.027 GC heap after
{Heap after GC invocations=5013 (full 17):
 PSYoungGen      total 9216K, used 3076K [0x00000000d5580000, 0x00000000d6200000, 0x0000000100000000)
  eden space 5632K, 0% used [0x00000000d5580000,0x00000000d5580000,0x00000000d5b00000)
  from space 3584K, 85% used [0x00000000d5b00000,0x00000000d5e01210,0x00000000d5e80000)
  to   space 3584K, 0% used [0x00000000d5e80000,0x00000000d5e80000,0x00000000d6200000)
 ParOldGen       total 1146368K, used 1146208K [0x0000000080000000, 0x00000000c5f80000, 0x00000000d5580000)
  object space 1146368K, 99% used [0x0000000080000000,0x00000000c5f58298,0x00000000c5f80000)
 Metaspace       used 101958K, committed 103616K, reserved 1179648K
  class space    used 9986K, committed 10752K, reserved 1048576K
}

