# JRE version: OpenJDK Runtime Environment Temurin-21.0.9+10 (21.0.9+10) (build 21.0.9+10-LTS)
# Java VM: OpenJDK 64-Bit Server VM Temurin-21.0.9+10 (21.0.9+10-LTS, mixed mode, sharing, tiered, compressed oops, compressed class ptrs, parallel gc, windows-amd64)
GC Precious Log:
 CardTable entry size: 512
 CPUs: 12 total, 12 available
 Memory: 15706M
 Large Page Support: Disabled
 NUMA Support: Disabled
 Compressed Oops: Enabled (32-bit)
 Alignments: Space 512K, Generation 512K, Heap 2M
 Heap Min Capacity: 100M
 Heap Initial Capacity: 100M
 Heap Max Capacity: 2G
 Pre-touch: Disabled
 Parallel Workers: 10
Heap:
 PSYoungGen      total 10240K, used 4478K [0x00000000d5580000, 0x00000000d6100000, 0x0000000100000000)
  eden space 8704K, 39% used [0x00000000d5580000,0x00000000d58dc000,0x00000000d5e00000)
  from space 1536K, 67% used [0x00000000d5e80000,0x00000000d5f83b90,0x00000000d6000000)
  to   space 1024K, 0% used [0x00000000d6000000,0x00000000d6000000,0x00000000d6100000)
 ParOldGen       total 757248K, used 277049K [0x0000000080000000, 0x00000000ae380000, 0x00000000d5580000)
  object space 757248K, 36% used [0x0000000080000000,0x0000000090e8e748,0x00000000ae380000)
 Metaspace       used 79927K, committed 81600K, reserved 1179648K
  class space    used 7925K, committed 8704K, reserved 1048576K
GC Heap History (20 events):
Event: 226.054 GC heap before
{Heap before GC invocations=2005 (full 5):
 PSYoungGen      total 10752K, used 10723K [0x00000000d5580000, 0x00000000d6600000, 0x0000000100000000)
  eden space 8704K, 100% used [0x00000000d5580000,0x00000000d5e00000,0x00000000d5e00000)
  from space 2048K, 98% used [0x00000000d5f00000,0x00000000d60f8d80,0x00000000d6100000)
  to   space 4096K, 0% used [0x00000000d6200000,0x00000000d6200000,0x00000000d6600000)
 ParOldGen       total 757248K, used 262837K [0x0000000080000000, 0x00000000ae380000, 0x00000000d5580000)
  object space 757248K, 34% used [0x0000000080000000,0x00000000900ad6b0,0x00000000ae380000)
 Metaspace       used 79860K, committed 81536K, reserved 1179648K
  class space    used 7925K, committed 8704K, reserved 1048576K
}
Event: 226.063 GC heap after
{Heap after GC invocations=2005 (full 5):
 PSYoungGen      total 10240K, used 1472K [0x00000000d5580000, 0x00000000d6380000, 0x0000000100000000)
  eden space 8704K, 0% used [0x00000000d5580000,0x00000000d5580000,0x00000000d5e00000)
  from space 1536K, 95% used [0x00000000d6200000,0x00000000d6370000,0x00000000d6380000)
  to   space 2560K, 0% used [0x00000000d5e80000,0x00000000d5e80000,0x00000000d6100000)
 ParOldGen       total 757248K, used 264330K [0x0000000080000000, 0x00000000ae380000, 0x00000000d5580000)
  object space 757248K, 34% used [0x0000000080000000,0x00000000902228d0,0x00000000ae380000)
 Metaspace       used 79860K, committed 81536K, reserved 1179648K
  class space    used 7925K, committed 8704K, reserved 1048576K
}
Event: 226.401 GC heap before
{Heap before GC invocations=2006 (full 5):
 PSYoungGen      total 10240K, used 10176K [0x00000000d5580000, 0x00000000d6380000, 0x0000000100000000)
  eden space 8704K, 100% used [0x00000000d5580000,0x00000000d5e00000,0x00000000d5e00000)
  from space 1536K, 95% used [0x00000000d6200000,0x00000000d6370000,0x00000000d6380000)
  to   space 2560K, 0% used [0x00000000d5e80000,0x00000000d5e80000,0x00000000d6100000)
 ParOldGen       total 757248K, used 264330K [0x0000000080000000, 0x00000000ae380000, 0x00000000d5580000)
  object space 757248K, 34% used [0x0000000080000000,0x00000000902228d0,0x00000000ae380000)
 Metaspace       used 79888K, committed 81600K, reserved 1179648K
  class space    used 7925K, committed 8704K, reserved 1048576K
}
Event: 226.414 GC heap after
{Heap after GC invocations=2006 (full 5):
 PSYoungGen      total 10752K, used 1888K [0x00000000d5580000, 0x00000000d6280000, 0x0000000100000000)
  eden space 8704K, 0% used [0x00000000d5580000,0x00000000d5580000,0x00000000d5e00000)
  from space 2048K, 92% used [0x00000000d5e80000,0x00000000d6058000,0x00000000d6080000)
  to   space 2048K, 0% used [0x00000000d6080000,0x00000000d6080000,0x00000000d6280000)
 ParOldGen       total 757248K, used 265482K [0x0000000080000000, 0x00000000ae380000, 0x00000000d5580000)
  object space 757248K, 35% used [0x0000000080000000,0x0000000090342a90,0x00000000ae380000)
 Metaspace       used 79888K, committed 81600K, reserved 1179648K
  class space    used 7925K, committed 8704K, reserved 1048576K
}
Event: 226.697 GC heap before
{Heap before GC invocations=2007 (full 5):
 PSYoungGen      total 10752K, used 10592K [0x00000000d5580000, 0x00000000d6280000, 0x0000000100000000)
  eden space 8704K, 100% used [0x00000000d5580000,0x00000000d5e00000,0x00000000d5e00000)
  from space 2048K, 92% used [0x00000000d5e80000,0x00000000d6058000,0x00000000d6080000)
  to   space 2048K, 0% used [0x00000000d6080000,0x00000000d6080000,0x00000000d6280000)
 ParOldGen       total 757248K, used 265482K [0x0000000080000000, 0x00000000ae380000, 0x00000000d5580000)
  object space 757248K, 35% used [0x0000000080000000,0x0000000090342a90,0x00000000ae380000)
 Metaspace       used 79889K, committed 81600K, reserved 1179648K
  class space    used 7925K, committed 8704K, reserved 1048576K
}
Event: 226.708 GC heap after
{Heap after GC invocations=2007 (full 5):
 PSYoungGen      total 10752K, used 1573K [0x00000000d5580000, 0x00000000d6280000, 0x0000000100000000)
  eden space 8704K, 0% used [0x00000000d5580000,0x00000000d5580000,0x00000000d5e00000)
  from space 2048K, 76% used [0x00000000d6080000,0x00000000d6209550,0x00000000d6280000)
  to   space 2048K, 0% used [0x00000000d5e80000,0x00000000d5e80000,0x00000000d6080000)
 ParOldGen       total 757248K, used 267224K [0x0000000080000000, 0x00000000ae380000, 0x00000000d5580000)
  object space 757248K, 35% used [0x0000000080000000,0x00000000904f6338,0x00000000ae380000)
 Metaspace       used 79889K, committed 81600K, reserved 1179648K
  class space    used 7925K, committed 8704K, reserved 1048576K
}
Event: 226.990 GC heap before
{Heap before GC invocations=2008 (full 5):
 PSYoungGen      total 10752K, used 10277K [0x00000000d5580000, 0x00000000d6280000, 0x0000000100000000)
  eden space 8704K, 100% used [0x00000000d5580000,0x00000000d5e00000,0x00000000d5e00000)
  from space 2048K, 76% used [0x00000000d6080000,0x00000000d6209550,0x00000000d6280000)
  to   space 2048K, 0% used [0x00000000d5e80000,0x00000000d5e80000,0x00000000d6080000)
 ParOldGen       total 757248K, used 268117K [0x0000000080000000, 0x00000000ae380000, 0x00000000d5580000)
  object space 757248K, 35% used [0x0000000080000000,0x00000000905d5628,0x00000000ae380000)
 Metaspace       used 79889K, committed 81600K, reserved 1179648K
  class space    used 7925K, committed 8704K, reserved 1048576K
}
Event: 226.997 GC heap after
{Heap after GC invocations=2008 (full 5):
 PSYoungGen      total 10752K, used 1659K [0x00000000d5580000, 0x00000000d6200000, 0x0000000100000000)
  eden space 8704K, 0% used [0x00000000d5580000,0x00000000d5580000,0x00000000d5e00000)
  from space 2048K, 81% used [0x00000000d5e80000,0x00000000d601ec08,0x00000000d6080000)
  to   space 1536K, 0% used [0x00000000d6080000,0x00000000d6080000,0x00000000d6200000)
 ParOldGen       total 757248K, used 269573K [0x0000000080000000, 0x00000000ae380000, 0x00000000d5580000)
  object space 757248K, 35% used [0x0000000080000000,0x00000000907415d0,0x00000000ae380000)
 Metaspace       used 79889K, committed 81600K, reserved 1179648K
  class space    used 7925K, committed 8704K, reserved 1048576K
}
Event: 227.152 GC heap before
{Heap before GC invocations=2009 (full 5):
 PSYoungGen      total 10752K, used 10363K [0x00000000d5580000, 0x00000000d6200000, 0x0000000100000000)
  eden space 8704K, 100% used [0x00000000d5580000,0x00000000d5e00000,0x00000000d5e00000)
  from space 2048K, 81% used [0x00000000d5e80000,0x00000000d601ec08,0x00000000d6080000)
  to   space 1536K, 0% used [0x00000000d6080000,0x00000000d6080000,0x00000000d6200000)
 ParOldGen       total 757248K, used 269592K [0x0000000080000000, 0x00000000ae380000, 0x00000000d5580000)
  object space 757248K, 35% used [0x0000000080000000,0x0000000090746008,0x00000000ae380000)
 Metaspace       used 79889K, committed 81600K, reserved 1179648K
  class space    used 7925K, committed 8704K, reserved 1048576K
}
Event: 227.156 GC heap after
{Heap after GC invocations=2009 (full 5):
 PSYoungGen      total 10240K, used 1446K [0x00000000d5580000, 0x00000000d6200000, 0x0000000100000000)
  eden space 8704K, 0% used [0x00000000d5580000,0x00000000d5580000,0x00000000d5e00000)
  from space 1536K, 94% used [0x00000000d6080000,0x00000000d61e9818,0x00000000d6200000)
  to   space 1536K, 0% used [0x00000000d5f00000,0x00000000d5f00000,0x00000000d6080000)
 ParOldGen       total 757248K, used 271163K [0x0000000080000000, 0x00000000ae380000, 0x00000000d5580000)
  object space 757248K, 35% used [0x0000000080000000,0x00000000908cee48,0x00000000ae380000)
 Metaspace       used 79889K, committed 81600K, reserved 1179648K
  class space    used 7925K, committed 8704K, reserved 1048576K
}
Event: 227.253 GC heap before
{Heap before GC invocations=2010 (full 5):
 PSYoungGen      total 10240K, used 10150K [0x00000000d5580000, 0x00000000d6200000, 0x0000000100000000)
  eden space 8704K, 100% used [0x00000000d5580000,0x00000000d5e00000,0x00000000d5e00000)
  from space 1536K, 94% used [0x00000000d6080000,0x00000000d61e9818,0x00000000d6200000)
  to   space 1536K, 0% used [0x00000000d5f00000,0x00000000d5f00000,0x00000000d6080000)
 ParOldGen       total 757248K, used 271163K [0x0000000080000000, 0x00000000ae380000, 0x00000000d5580000)
  object space 757248K, 35% used [0x0000000080000000,0x00000000908cee48,0x00000000ae380000)
 Metaspace       used 79896K, committed 81600K, reserved 1179648K
  class space    used 7925K, committed 8704K, reserved 1048576K
}
Event: 227.259 GC heap after
{Heap after GC invocations=2010 (full 5):
 PSYoungGen      total 10240K, used 1527K [0x00000000d5580000, 0x00000000d6400000, 0x0000000100000000)
  eden space 8704K, 0% used [0x00000000d5580000,0x00000000d5580000,0x00000000d5e00000)
  from space 1536K, 99% used [0x00000000d5f00000,0x00000000d607de00,0x00000000d6080000)
  to   space 3072K, 0% used [0x00000000d6100000,0x00000000d6100000,0x00000000d6400000)
 ParOldGen       total 757248K, used 272281K [0x0000000080000000, 0x00000000ae380000, 0x00000000d5580000)
  object space 757248K, 35% used [0x0000000080000000,0x00000000909e6680,0x00000000ae380000)
 Metaspace       used 79896K, committed 81600K, reserved 1179648K
  class space    used 7925K, committed 8704K, reserved 1048576K
}
Event: 227.764 GC heap before
{Heap before GC invocations=2011 (full 5):
 PSYoungGen      total 10240K, used 10231K [0x00000000d5580000, 0x00000000d6400000, 0x0000000100000000)
  eden space 8704K, 100% used [0x00000000d5580000,0x00000000d5e00000,0x00000000d5e00000)
  from space 1536K, 99% used [0x00000000d5f00000,0x00000000d607de00,0x00000000d6080000)
  to   space 3072K, 0% used [0x00000000d6100000,0x00000000d6100000,0x00000000d6400000)
 ParOldGen       total 757248K, used 272281K [0x0000000080000000, 0x00000000ae380000, 0x00000000d5580000)
  object space 757248K, 35% used [0x0000000080000000,0x00000000909e6680,0x00000000ae380000)
 Metaspace       used 79901K, committed 81600K, reserved 1179648K
  class space    used 7925K, committed 8704K, reserved 1048576K
}
Event: 227.772 GC heap after
{Heap after GC invocations=2011 (full 5):
 PSYoungGen      total 10240K, used 1344K [0x00000000d5580000, 0x00000000d6280000, 0x0000000100000000)
  eden space 8704K, 0% used [0x00000000d5580000,0x00000000d5580000,0x00000000d5e00000)
  from space 1536K, 87% used [0x00000000d6100000,0x00000000d6250000,0x00000000d6280000)
  to   space 2048K, 0% used [0x00000000d5e80000,0x00000000d5e80000,0x00000000d6080000)
 ParOldGen       total 757248K, used 273651K [0x0000000080000000, 0x00000000ae380000, 0x00000000d5580000)
  object space 757248K, 36% used [0x0000000080000000,0x0000000090b3cec0,0x00000000ae380000)
 Metaspace       used 79901K, committed 81600K, reserved 1179648K
  class space    used 7925K, committed 8704K, reserved 1048576K
}
Event: 227.910 GC heap before
{Heap before GC invocations=2012 (full 5):
 PSYoungGen      total 10240K, used 10048K [0x00000000d5580000, 0x00000000d6280000, 0x0000000100000000)
  eden space 8704K, 100% used [0x00000000d5580000,0x00000000d5e00000,0x00000000d5e00000)
  from space 1536K, 87% used [0x00000000d6100000,0x00000000d6250000,0x00000000d6280000)
  to   space 2048K, 0% used [0x00000000d5e80000,0x00000000d5e80000,0x00000000d6080000)
 ParOldGen       total 757248K, used 273651K [0x0000000080000000, 0x00000000ae380000, 0x00000000d5580000)
  object space 757248K, 36% used [0x0000000080000000,0x0000000090b3cec0,0x00000000ae380000)
 Metaspace       used 79905K, committed 81600K, reserved 1179648K
  class space    used 7925K, committed 8704K, reserved 1048576K
}
Event: 227.916 GC heap after
{Heap after GC invocations=2012 (full 5):
 PSYoungGen      total 10240K, used 1312K [0x00000000d5580000, 0x00000000d6180000, 0x0000000100000000)
  eden space 8704K, 0% used [0x00000000d5580000,0x00000000d5580000,0x00000000d5e00000)
  from space 1536K, 85% used [0x00000000d5e80000,0x00000000d5fc8000,0x00000000d6000000)
  to   space 1536K, 0% used [0x00000000d6000000,0x00000000d6000000,0x00000000d6180000)
 ParOldGen       total 757248K, used 274800K [0x0000000080000000, 0x00000000ae380000, 0x00000000d5580000)
  object space 757248K, 36% used [0x0000000080000000,0x0000000090c5c370,0x00000000ae380000)
 Metaspace       used 79905K, committed 81600K, reserved 1179648K
  class space    used 7925K, committed 8704K, reserved 1048576K
}
Event: 228.311 GC heap before
{Heap before GC invocations=2013 (full 5):
 PSYoungGen      total 10240K, used 10016K [0x00000000d5580000, 0x00000000d6180000, 0x0000000100000000)
  eden space 8704K, 100% used [0x00000000d5580000,0x00000000d5e00000,0x00000000d5e00000)
  from space 1536K, 85% used [0x00000000d5e80000,0x00000000d5fc8000,0x00000000d6000000)
  to   space 1536K, 0% used [0x00000000d6000000,0x00000000d6000000,0x00000000d6180000)
 ParOldGen       total 757248K, used 274800K [0x0000000080000000, 0x00000000ae380000, 0x00000000d5580000)
  object space 757248K, 36% used [0x0000000080000000,0x0000000090c5c370,0x00000000ae380000)
 Metaspace       used 79912K, committed 81600K, reserved 1179648K
  class space    used 7925K, committed 8704K, reserved 1048576K
}
Event: 228.318 GC heap after
{Heap after GC invocations=2013 (full 5):
 PSYoungGen      total 10240K, used 1436K [0x00000000d5580000, 0x00000000d6180000, 0x0000000100000000)
  eden space 8704K, 0% used [0x00000000d5580000,0x00000000d5580000,0x00000000d5e00000)
  from space 1536K, 93% used [0x00000000d6000000,0x00000000d6167028,0x00000000d6180000)
  to   space 1536K, 0% used [0x00000000d5e80000,0x00000000d5e80000,0x00000000d6000000)
 ParOldGen       total 757248K, used 275878K [0x0000000080000000, 0x00000000ae380000, 0x00000000d5580000)
  object space 757248K, 36% used [0x0000000080000000,0x0000000090d69a80,0x00000000ae380000)
 Metaspace       used 79912K, committed 81600K, reserved 1179648K
  class space    used 7925K, committed 8704K, reserved 1048576K
}
Event: 229.496 GC heap before
{Heap before GC invocations=2014 (full 5):
 PSYoungGen      total 10240K, used 10140K [0x00000000d5580000, 0x00000000d6180000, 0x0000000100000000)
  eden space 8704K, 100% used [0x00000000d5580000,0x00000000d5e00000,0x00000000d5e00000)
  from space 1536K, 93% used [0x00000000d6000000,0x00000000d6167028,0x00000000d6180000)
  to   space 1536K, 0% used [0x00000000d5e80000,0x00000000d5e80000,0x00000000d6000000)
 ParOldGen       total 757248K, used 275878K [0x0000000080000000, 0x00000000ae380000, 0x00000000d5580000)
  object space 757248K, 36% used [0x0000000080000000,0x0000000090d69a80,0x00000000ae380000)
 Metaspace       used 79927K, committed 81600K, reserved 1179648K
  class space    used 7925K, committed 8704K, reserved 1048576K
}
Event: 229.500 GC heap after
{Heap after GC invocations=2014 (full 5):
 PSYoungGen      total 10240K, used 1038K [0x00000000d5580000, 0x00000000d6100000, 0x0000000100000000)
  eden space 8704K, 0% used [0x00000000d5580000,0x00000000d5580000,0x00000000d5e00000)
  from space 1536K, 67% used [0x00000000d5e80000,0x00000000d5f83b90,0x00000000d6000000)
  to   space 1024K, 0% used [0x00000000d6000000,0x00000000d6000000,0x00000000d6100000)
 ParOldGen       total 757248K, used 277049K [0x0000000080000000, 0x00000000ae380000, 0x00000000d5580000)
  object space 757248K, 36% used [0x0000000080000000,0x0000000090e8e748,0x00000000ae380000)
 Metaspace       used 79927K, committed 81600K, reserved 1179648K
  class space    used 7925K, committed 8704K, reserved 1048576K
}

